<?xml version="1.0" encoding="UTF-8"?>
<!-- Generated by org.testng.reporters.JUnitXMLReporter -->
<testsuite ignored="0" hostname="DESKTOP-PFQ0Q3U" failures="0" tests="9" name="Test" time="594.908" errors="0" timestamp="2024-10-22T17:55:07 WAT">
  <testcase classname="TestCases.View_plan" name="create_plan" time="5.976"/>
  <testcase classname="TestCases.LoginTest" name="login_successful" time="44.393"/>
  <testcase classname="TestCases.LoginTest" name="login_emptyEmail" time="38.911"/>
  <testcase classname="TestCases.LoginTest" name="login_emptyPassword" time="1.194"/>
  <testcase classname="TestCases.LoginTest" name="login_emptyPassword_emptyEmail" time="0.698"/>
  <testcase classname="TestCases.Create_Plan" name="create_plan" time="14.044"/>
  <testcase classname="TestCases.Create_Plan" name="create_plan_empty_planName" time="20.716"/>
  <testcase classname="TestCases.Wallet" name="wallet_balance_visible" time="6.696"/>
  <testcase classname="TestCases.Wallet" name="wallet_hide_balance" time="33.358"/>
</testsuite> <!-- Test -->
