<?xml version="1.0" encoding="UTF-8"?>
<testng-results ignored="0" total="9" passed="9" failed="0" skipped="0">
  <reporter-output>
  </reporter-output>
  <suite started-at="2024-10-22T17:45:12 WAT" name="Suite" finished-at="2024-10-22T17:55:07 WAT" duration-ms="594908">
    <groups>
    </groups>
    <test started-at="2024-10-22T17:45:12 WAT" name="Test" finished-at="2024-10-22T17:55:07 WAT" duration-ms="594908">
      <class name="TestCases.Wallet">
        <test-method is-config="true" signature="setup()[pri:0, instance:TestCases.Wallet@2a4fb17b]" started-at="2024-10-22T17:51:01 WAT" name="setup" finished-at="2024-10-22T17:52:45 WAT" duration-ms="103974" status="PASS">
          <reporter-output>
          </reporter-output>
        </test-method> <!-- setup -->
        <test-method signature="wallet_balance_visible()[pri:1, instance:TestCases.Wallet@2a4fb17b]" started-at="2024-10-22T17:52:45 WAT" name="wallet_balance_visible" finished-at="2024-10-22T17:52:51 WAT" duration-ms="6696" status="PASS">
          <reporter-output>
          </reporter-output>
        </test-method> <!-- wallet_balance_visible -->
        <test-method is-config="true" signature="teardown()[pri:0, instance:TestCases.Wallet@2a4fb17b]" started-at="2024-10-22T17:52:51 WAT" name="teardown" finished-at="2024-10-22T17:52:51 WAT" duration-ms="1" status="PASS">
          <reporter-output>
          </reporter-output>
        </test-method> <!-- teardown -->
        <test-method is-config="true" signature="setup()[pri:0, instance:TestCases.Wallet@2a4fb17b]" started-at="2024-10-22T17:52:51 WAT" name="setup" finished-at="2024-10-22T17:54:33 WAT" duration-ms="102184" status="PASS">
          <reporter-output>
          </reporter-output>
        </test-method> <!-- setup -->
        <test-method signature="wallet_hide_balance()[pri:2, instance:TestCases.Wallet@2a4fb17b]" started-at="2024-10-22T17:54:33 WAT" name="wallet_hide_balance" finished-at="2024-10-22T17:55:07 WAT" duration-ms="33358" status="PASS">
          <reporter-output>
          </reporter-output>
        </test-method> <!-- wallet_hide_balance -->
        <test-method is-config="true" signature="teardown()[pri:0, instance:TestCases.Wallet@2a4fb17b]" started-at="2024-10-22T17:55:07 WAT" name="teardown" finished-at="2024-10-22T17:55:07 WAT" duration-ms="1" status="PASS">
          <reporter-output>
          </reporter-output>
        </test-method> <!-- teardown -->
      </class> <!-- TestCases.Wallet -->
      <class name="TestCases.Create_Plan">
        <test-method is-config="true" signature="setup()[pri:0, instance:TestCases.Create_Plan@34a3d150]" started-at="2024-10-22T17:48:53 WAT" name="setup" finished-at="2024-10-22T17:49:37 WAT" duration-ms="43540" status="PASS">
          <reporter-output>
          </reporter-output>
        </test-method> <!-- setup -->
        <test-method signature="create_plan()[pri:1, instance:TestCases.Create_Plan@34a3d150]" started-at="2024-10-22T17:49:37 WAT" name="create_plan" finished-at="2024-10-22T17:49:51 WAT" duration-ms="14044" status="PASS">
          <reporter-output>
          </reporter-output>
        </test-method> <!-- create_plan -->
        <test-method is-config="true" signature="teardown()[pri:0, instance:TestCases.Create_Plan@34a3d150]" started-at="2024-10-22T17:49:51 WAT" name="teardown" finished-at="2024-10-22T17:49:51 WAT" duration-ms="1" status="PASS">
          <reporter-output>
          </reporter-output>
        </test-method> <!-- teardown -->
        <test-method is-config="true" signature="setup()[pri:0, instance:TestCases.Create_Plan@34a3d150]" started-at="2024-10-22T17:49:51 WAT" name="setup" finished-at="2024-10-22T17:50:40 WAT" duration-ms="48957" status="PASS">
          <reporter-output>
          </reporter-output>
        </test-method> <!-- setup -->
        <test-method signature="create_plan_empty_planName()[pri:2, instance:TestCases.Create_Plan@34a3d150]" started-at="2024-10-22T17:50:40 WAT" name="create_plan_empty_planName" finished-at="2024-10-22T17:51:01 WAT" duration-ms="20716" status="PASS">
          <reporter-output>
          </reporter-output>
        </test-method> <!-- create_plan_empty_planName -->
        <test-method is-config="true" signature="teardown()[pri:0, instance:TestCases.Create_Plan@34a3d150]" started-at="2024-10-22T17:51:01 WAT" name="teardown" finished-at="2024-10-22T17:51:01 WAT" duration-ms="1" status="PASS">
          <reporter-output>
          </reporter-output>
        </test-method> <!-- teardown -->
      </class> <!-- TestCases.Create_Plan -->
      <class name="TestCases.LoginTest">
        <test-method is-config="true" signature="setup()[pri:0, instance:TestCases.LoginTest@31304f14]" started-at="2024-10-22T17:46:02 WAT" name="setup" finished-at="2024-10-22T17:46:05 WAT" duration-ms="2465" status="PASS">
          <reporter-output>
          </reporter-output>
        </test-method> <!-- setup -->
        <test-method signature="login_successful()[pri:1, instance:TestCases.LoginTest@31304f14]" started-at="2024-10-22T17:46:05 WAT" name="login_successful" finished-at="2024-10-22T17:46:49 WAT" duration-ms="44393" status="PASS">
          <reporter-output>
          </reporter-output>
        </test-method> <!-- login_successful -->
        <test-method is-config="true" signature="teardown()[pri:0, instance:TestCases.LoginTest@31304f14]" started-at="2024-10-22T17:46:49 WAT" name="teardown" finished-at="2024-10-22T17:46:49 WAT" duration-ms="1" status="PASS">
          <reporter-output>
          </reporter-output>
        </test-method> <!-- teardown -->
        <test-method is-config="true" signature="setup()[pri:0, instance:TestCases.LoginTest@31304f14]" started-at="2024-10-22T17:46:49 WAT" name="setup" finished-at="2024-10-22T17:46:57 WAT" duration-ms="7978" status="PASS">
          <reporter-output>
          </reporter-output>
        </test-method> <!-- setup -->
        <test-method signature="login_emptyEmail()[pri:2, instance:TestCases.LoginTest@31304f14]" started-at="2024-10-22T17:46:57 WAT" name="login_emptyEmail" finished-at="2024-10-22T17:47:36 WAT" duration-ms="38911" status="PASS">
          <reporter-output>
          </reporter-output>
        </test-method> <!-- login_emptyEmail -->
        <test-method is-config="true" signature="teardown()[pri:0, instance:TestCases.LoginTest@31304f14]" started-at="2024-10-22T17:47:36 WAT" name="teardown" finished-at="2024-10-22T17:47:36 WAT" duration-ms="0" status="PASS">
          <reporter-output>
          </reporter-output>
        </test-method> <!-- teardown -->
        <test-method is-config="true" signature="setup()[pri:0, instance:TestCases.LoginTest@31304f14]" started-at="2024-10-22T17:47:36 WAT" name="setup" finished-at="2024-10-22T17:48:13 WAT" duration-ms="37416" status="PASS">
          <reporter-output>
          </reporter-output>
        </test-method> <!-- setup -->
        <test-method signature="login_emptyPassword()[pri:3, instance:TestCases.LoginTest@31304f14]" started-at="2024-10-22T17:48:13 WAT" name="login_emptyPassword" finished-at="2024-10-22T17:48:14 WAT" duration-ms="1194" status="PASS">
          <reporter-output>
          </reporter-output>
        </test-method> <!-- login_emptyPassword -->
        <test-method is-config="true" signature="teardown()[pri:0, instance:TestCases.LoginTest@31304f14]" started-at="2024-10-22T17:48:14 WAT" name="teardown" finished-at="2024-10-22T17:48:14 WAT" duration-ms="0" status="PASS">
          <reporter-output>
          </reporter-output>
        </test-method> <!-- teardown -->
        <test-method is-config="true" signature="setup()[pri:0, instance:TestCases.LoginTest@31304f14]" started-at="2024-10-22T17:48:14 WAT" name="setup" finished-at="2024-10-22T17:48:53 WAT" duration-ms="38077" status="PASS">
          <reporter-output>
          </reporter-output>
        </test-method> <!-- setup -->
        <test-method signature="login_emptyPassword_emptyEmail()[pri:4, instance:TestCases.LoginTest@31304f14]" started-at="2024-10-22T17:48:53 WAT" name="login_emptyPassword_emptyEmail" finished-at="2024-10-22T17:48:53 WAT" duration-ms="698" status="PASS">
          <reporter-output>
          </reporter-output>
        </test-method> <!-- login_emptyPassword_emptyEmail -->
        <test-method is-config="true" signature="teardown()[pri:0, instance:TestCases.LoginTest@31304f14]" started-at="2024-10-22T17:48:53 WAT" name="teardown" finished-at="2024-10-22T17:48:53 WAT" duration-ms="0" status="PASS">
          <reporter-output>
          </reporter-output>
        </test-method> <!-- teardown -->
      </class> <!-- TestCases.LoginTest -->
      <class name="TestCases.View_plan">
        <test-method is-config="true" signature="setup()[pri:0, instance:TestCases.View_plan@158d2680]" started-at="2024-10-22T17:45:12 WAT" name="setup" finished-at="2024-10-22T17:45:56 WAT" duration-ms="44210" status="PASS">
          <reporter-output>
          </reporter-output>
        </test-method> <!-- setup -->
        <test-method signature="create_plan()[pri:1, instance:TestCases.View_plan@158d2680]" started-at="2024-10-22T17:45:56 WAT" name="create_plan" finished-at="2024-10-22T17:46:02 WAT" duration-ms="5976" status="PASS">
          <reporter-output>
          </reporter-output>
        </test-method> <!-- create_plan -->
        <test-method is-config="true" signature="teardown()[pri:0, instance:TestCases.View_plan@158d2680]" started-at="2024-10-22T17:46:02 WAT" name="teardown" finished-at="2024-10-22T17:46:02 WAT" duration-ms="1" status="PASS">
          <reporter-output>
          </reporter-output>
        </test-method> <!-- teardown -->
      </class> <!-- TestCases.View_plan -->
    </test> <!-- Test -->
  </suite> <!-- Suite -->
</testng-results>
